2020-10-19 16:28:18 Notice: Notice (8): Undefined variable: user_uuid in [C:\Program Files\Ampps\www\cakephp-3-9-2\src\Controller\UsersController.php, line 51]
Request URL: /users/add
Referer URL: http://localhost/cakephp-3-9-2/users/add
Trace:
Cake\Error\BaseErrorHandler::handleError() - CORE\src\Error\BaseErrorHandler.php, line 168
Cake\Core\BasePlugin::{closure}() - ROOT\vendor\cakephp\debug_kit\config\bootstrap.php, line 43
App\Controller\UsersController::sendConfirmEmail() - APP/Controller\UsersController.php, line 51
App\Controller\UsersController::add() - APP/Controller\UsersController.php, line 113
Cake\Controller\Controller::invokeAction() - CORE\src\Controller\Controller.php, line 606
Cake\Http\ActionDispatcher::_invoke() - CORE\src\Http\ActionDispatcher.php, line 120
Cake\Http\ActionDispatcher::dispatch() - CORE\src\Http\ActionDispatcher.php, line 94
Cake\Http\BaseApplication::__invoke() - CORE\src\Http\BaseApplication.php, line 256
Cake\Http\Runner::__invoke() - CORE\src\Http\Runner.php, line 65
Cake\Http\Runner::__invoke() - CORE\src\Http\Runner.php, line 65
Cake\Http\Middleware\CsrfProtectionMiddleware::__invoke() - CORE\src\Http\Middleware\CsrfProtectionMiddleware.php, line 124
Cake\Http\Runner::__invoke() - CORE\src\Http\Runner.php, line 65
Cake\Http\Runner::run() - CORE\src\Http\Runner.php, line 51
Cake\Routing\Middleware\RoutingMiddleware::__invoke() - CORE\src\Routing\Middleware\RoutingMiddleware.php, line 170
Cake\Http\Runner::__invoke() - CORE\src\Http\Runner.php, line 65
Cake\Routing\Middleware\AssetMiddleware::__invoke() - CORE\src\Routing\Middleware\AssetMiddleware.php, line 88
Cake\Http\Runner::__invoke() - CORE\src\Http\Runner.php, line 65
Cake\Error\Middleware\ErrorHandlerMiddleware::__invoke() - CORE\src\Error\Middleware\ErrorHandlerMiddleware.php, line 96
Cake\Http\Runner::__invoke() - CORE\src\Http\Runner.php, line 65
DebugKit\Middleware\DebugKitMiddleware::__invoke() - ROOT\vendor\cakephp\debug_kit\src\Middleware\DebugKitMiddleware.php, line 53
Cake\Http\Runner::__invoke() - CORE\src\Http\Runner.php, line 65
Cake\Http\Runner::run() - CORE\src\Http\Runner.php, line 51
Cake\Http\Server::run() - CORE\src\Http\Server.php, line 97
[main] - ROOT\webroot\index.php, line 40



2020-10-19 20:25:23 Notice: Notice (8): Undefined variable: file in [C:\Program Files\Ampps\www\cakephp-3-9-2\src\Template\Photos\view.ctp, line 28]
Request URL: /photos/view/1
Referer URL: http://localhost/cakephp-3-9-2/photos
Trace:
Cake\Error\BaseErrorHandler::handleError() - CORE\src\Error\BaseErrorHandler.php, line 168
Cake\Core\BasePlugin::{closure}() - ROOT\vendor\cakephp\debug_kit\config\bootstrap.php, line 43
include - APP/Template\Photos\view.ctp, line 28
Cake\View\View::_evaluate() - CORE\src\View\View.php, line 1435
Cake\View\View::_render() - CORE\src\View\View.php, line 1393
Cake\View\View::render() - CORE\src\View\View.php, line 892
Cake\Controller\Controller::render() - CORE\src\Controller\Controller.php, line 791
Cake\Http\ActionDispatcher::_invoke() - CORE\src\Http\ActionDispatcher.php, line 126
Cake\Http\ActionDispatcher::dispatch() - CORE\src\Http\ActionDispatcher.php, line 94
Cake\Http\BaseApplication::__invoke() - CORE\src\Http\BaseApplication.php, line 256
Cake\Http\Runner::__invoke() - CORE\src\Http\Runner.php, line 65
Cake\Http\Runner::__invoke() - CORE\src\Http\Runner.php, line 65
Cake\Http\Middleware\CsrfProtectionMiddleware::__invoke() - CORE\src\Http\Middleware\CsrfProtectionMiddleware.php, line 124
Cake\Http\Runner::__invoke() - CORE\src\Http\Runner.php, line 65
Cake\Http\Runner::run() - CORE\src\Http\Runner.php, line 51
Cake\Routing\Middleware\RoutingMiddleware::__invoke() - CORE\src\Routing\Middleware\RoutingMiddleware.php, line 170
Cake\Http\Runner::__invoke() - CORE\src\Http\Runner.php, line 65
Cake\Routing\Middleware\AssetMiddleware::__invoke() - CORE\src\Routing\Middleware\AssetMiddleware.php, line 88
Cake\Http\Runner::__invoke() - CORE\src\Http\Runner.php, line 65
Cake\Error\Middleware\ErrorHandlerMiddleware::__invoke() - CORE\src\Error\Middleware\ErrorHandlerMiddleware.php, line 96
Cake\Http\Runner::__invoke() - CORE\src\Http\Runner.php, line 65
DebugKit\Middleware\DebugKitMiddleware::__invoke() - ROOT\vendor\cakephp\debug_kit\src\Middleware\DebugKitMiddleware.php, line 53
Cake\Http\Runner::__invoke() - CORE\src\Http\Runner.php, line 65
Cake\Http\Runner::run() - CORE\src\Http\Runner.php, line 51
Cake\Http\Server::run() - CORE\src\Http\Server.php, line 97
[main] - ROOT\webroot\index.php, line 40



2020-10-19 20:25:23 Notice: Notice (8): Trying to get property 'path' of non-object in [C:\Program Files\Ampps\www\cakephp-3-9-2\src\Template\Photos\view.ctp, line 28]
Request URL: /photos/view/1
Referer URL: http://localhost/cakephp-3-9-2/photos
Trace:
Cake\Error\BaseErrorHandler::handleError() - CORE\src\Error\BaseErrorHandler.php, line 168
Cake\Core\BasePlugin::{closure}() - ROOT\vendor\cakephp\debug_kit\config\bootstrap.php, line 43
include - APP/Template\Photos\view.ctp, line 28
Cake\View\View::_evaluate() - CORE\src\View\View.php, line 1435
Cake\View\View::_render() - CORE\src\View\View.php, line 1393
Cake\View\View::render() - CORE\src\View\View.php, line 892
Cake\Controller\Controller::render() - CORE\src\Controller\Controller.php, line 791
Cake\Http\ActionDispatcher::_invoke() - CORE\src\Http\ActionDispatcher.php, line 126
Cake\Http\ActionDispatcher::dispatch() - CORE\src\Http\ActionDispatcher.php, line 94
Cake\Http\BaseApplication::__invoke() - CORE\src\Http\BaseApplication.php, line 256
Cake\Http\Runner::__invoke() - CORE\src\Http\Runner.php, line 65
Cake\Http\Runner::__invoke() - CORE\src\Http\Runner.php, line 65
Cake\Http\Middleware\CsrfProtectionMiddleware::__invoke() - CORE\src\Http\Middleware\CsrfProtectionMiddleware.php, line 124
Cake\Http\Runner::__invoke() - CORE\src\Http\Runner.php, line 65
Cake\Http\Runner::run() - CORE\src\Http\Runner.php, line 51
Cake\Routing\Middleware\RoutingMiddleware::__invoke() - CORE\src\Routing\Middleware\RoutingMiddleware.php, line 170
Cake\Http\Runner::__invoke() - CORE\src\Http\Runner.php, line 65
Cake\Routing\Middleware\AssetMiddleware::__invoke() - CORE\src\Routing\Middleware\AssetMiddleware.php, line 88
Cake\Http\Runner::__invoke() - CORE\src\Http\Runner.php, line 65
Cake\Error\Middleware\ErrorHandlerMiddleware::__invoke() - CORE\src\Error\Middleware\ErrorHandlerMiddleware.php, line 96
Cake\Http\Runner::__invoke() - CORE\src\Http\Runner.php, line 65
DebugKit\Middleware\DebugKitMiddleware::__invoke() - ROOT\vendor\cakephp\debug_kit\src\Middleware\DebugKitMiddleware.php, line 53
Cake\Http\Runner::__invoke() - CORE\src\Http\Runner.php, line 65
Cake\Http\Runner::run() - CORE\src\Http\Runner.php, line 51
Cake\Http\Server::run() - CORE\src\Http\Server.php, line 97
[main] - ROOT\webroot\index.php, line 40



2020-10-19 20:25:23 Notice: Notice (8): Undefined variable: file in [C:\Program Files\Ampps\www\cakephp-3-9-2\src\Template\Photos\view.ctp, line 28]
Request URL: /photos/view/1
Referer URL: http://localhost/cakephp-3-9-2/photos
Trace:
Cake\Error\BaseErrorHandler::handleError() - CORE\src\Error\BaseErrorHandler.php, line 168
Cake\Core\BasePlugin::{closure}() - ROOT\vendor\cakephp\debug_kit\config\bootstrap.php, line 43
include - APP/Template\Photos\view.ctp, line 28
Cake\View\View::_evaluate() - CORE\src\View\View.php, line 1435
Cake\View\View::_render() - CORE\src\View\View.php, line 1393
Cake\View\View::render() - CORE\src\View\View.php, line 892
Cake\Controller\Controller::render() - CORE\src\Controller\Controller.php, line 791
Cake\Http\ActionDispatcher::_invoke() - CORE\src\Http\ActionDispatcher.php, line 126
Cake\Http\ActionDispatcher::dispatch() - CORE\src\Http\ActionDispatcher.php, line 94
Cake\Http\BaseApplication::__invoke() - CORE\src\Http\BaseApplication.php, line 256
Cake\Http\Runner::__invoke() - CORE\src\Http\Runner.php, line 65
Cake\Http\Runner::__invoke() - CORE\src\Http\Runner.php, line 65
Cake\Http\Middleware\CsrfProtectionMiddleware::__invoke() - CORE\src\Http\Middleware\CsrfProtectionMiddleware.php, line 124
Cake\Http\Runner::__invoke() - CORE\src\Http\Runner.php, line 65
Cake\Http\Runner::run() - CORE\src\Http\Runner.php, line 51
Cake\Routing\Middleware\RoutingMiddleware::__invoke() - CORE\src\Routing\Middleware\RoutingMiddleware.php, line 170
Cake\Http\Runner::__invoke() - CORE\src\Http\Runner.php, line 65
Cake\Routing\Middleware\AssetMiddleware::__invoke() - CORE\src\Routing\Middleware\AssetMiddleware.php, line 88
Cake\Http\Runner::__invoke() - CORE\src\Http\Runner.php, line 65
Cake\Error\Middleware\ErrorHandlerMiddleware::__invoke() - CORE\src\Error\Middleware\ErrorHandlerMiddleware.php, line 96
Cake\Http\Runner::__invoke() - CORE\src\Http\Runner.php, line 65
DebugKit\Middleware\DebugKitMiddleware::__invoke() - ROOT\vendor\cakephp\debug_kit\src\Middleware\DebugKitMiddleware.php, line 53
Cake\Http\Runner::__invoke() - CORE\src\Http\Runner.php, line 65
Cake\Http\Runner::run() - CORE\src\Http\Runner.php, line 51
Cake\Http\Server::run() - CORE\src\Http\Server.php, line 97
[main] - ROOT\webroot\index.php, line 40



2020-10-19 20:25:23 Notice: Notice (8): Trying to get property 'name' of non-object in [C:\Program Files\Ampps\www\cakephp-3-9-2\src\Template\Photos\view.ctp, line 28]
Request URL: /photos/view/1
Referer URL: http://localhost/cakephp-3-9-2/photos
Trace:
Cake\Error\BaseErrorHandler::handleError() - CORE\src\Error\BaseErrorHandler.php, line 168
Cake\Core\BasePlugin::{closure}() - ROOT\vendor\cakephp\debug_kit\config\bootstrap.php, line 43
include - APP/Template\Photos\view.ctp, line 28
Cake\View\View::_evaluate() - CORE\src\View\View.php, line 1435
Cake\View\View::_render() - CORE\src\View\View.php, line 1393
Cake\View\View::render() - CORE\src\View\View.php, line 892
Cake\Controller\Controller::render() - CORE\src\Controller\Controller.php, line 791
Cake\Http\ActionDispatcher::_invoke() - CORE\src\Http\ActionDispatcher.php, line 126
Cake\Http\ActionDispatcher::dispatch() - CORE\src\Http\ActionDispatcher.php, line 94
Cake\Http\BaseApplication::__invoke() - CORE\src\Http\BaseApplication.php, line 256
Cake\Http\Runner::__invoke() - CORE\src\Http\Runner.php, line 65
Cake\Http\Runner::__invoke() - CORE\src\Http\Runner.php, line 65
Cake\Http\Middleware\CsrfProtectionMiddleware::__invoke() - CORE\src\Http\Middleware\CsrfProtectionMiddleware.php, line 124
Cake\Http\Runner::__invoke() - CORE\src\Http\Runner.php, line 65
Cake\Http\Runner::run() - CORE\src\Http\Runner.php, line 51
Cake\Routing\Middleware\RoutingMiddleware::__invoke() - CORE\src\Routing\Middleware\RoutingMiddleware.php, line 170
Cake\Http\Runner::__invoke() - CORE\src\Http\Runner.php, line 65
Cake\Routing\Middleware\AssetMiddleware::__invoke() - CORE\src\Routing\Middleware\AssetMiddleware.php, line 88
Cake\Http\Runner::__invoke() - CORE\src\Http\Runner.php, line 65
Cake\Error\Middleware\ErrorHandlerMiddleware::__invoke() - CORE\src\Error\Middleware\ErrorHandlerMiddleware.php, line 96
Cake\Http\Runner::__invoke() - CORE\src\Http\Runner.php, line 65
DebugKit\Middleware\DebugKitMiddleware::__invoke() - ROOT\vendor\cakephp\debug_kit\src\Middleware\DebugKitMiddleware.php, line 53
Cake\Http\Runner::__invoke() - CORE\src\Http\Runner.php, line 65
Cake\Http\Runner::run() - CORE\src\Http\Runner.php, line 51
Cake\Http\Server::run() - CORE\src\Http\Server.php, line 97
[main] - ROOT\webroot\index.php, line 40



2020-10-19 20:25:23 Notice: Notice (8): Undefined variable: file in [C:\Program Files\Ampps\www\cakephp-3-9-2\src\Template\Photos\view.ctp, line 29]
Request URL: /photos/view/1
Referer URL: http://localhost/cakephp-3-9-2/photos
Trace:
Cake\Error\BaseErrorHandler::handleError() - CORE\src\Error\BaseErrorHandler.php, line 168
Cake\Core\BasePlugin::{closure}() - ROOT\vendor\cakephp\debug_kit\config\bootstrap.php, line 43
include - APP/Template\Photos\view.ctp, line 29
Cake\View\View::_evaluate() - CORE\src\View\View.php, line 1435
Cake\View\View::_render() - CORE\src\View\View.php, line 1393
Cake\View\View::render() - CORE\src\View\View.php, line 892
Cake\Controller\Controller::render() - CORE\src\Controller\Controller.php, line 791
Cake\Http\ActionDispatcher::_invoke() - CORE\src\Http\ActionDispatcher.php, line 126
Cake\Http\ActionDispatcher::dispatch() - CORE\src\Http\ActionDispatcher.php, line 94
Cake\Http\BaseApplication::__invoke() - CORE\src\Http\BaseApplication.php, line 256
Cake\Http\Runner::__invoke() - CORE\src\Http\Runner.php, line 65
Cake\Http\Runner::__invoke() - CORE\src\Http\Runner.php, line 65
Cake\Http\Middleware\CsrfProtectionMiddleware::__invoke() - CORE\src\Http\Middleware\CsrfProtectionMiddleware.php, line 124
Cake\Http\Runner::__invoke() - CORE\src\Http\Runner.php, line 65
Cake\Http\Runner::run() - CORE\src\Http\Runner.php, line 51
Cake\Routing\Middleware\RoutingMiddleware::__invoke() - CORE\src\Routing\Middleware\RoutingMiddleware.php, line 170
Cake\Http\Runner::__invoke() - CORE\src\Http\Runner.php, line 65
Cake\Routing\Middleware\AssetMiddleware::__invoke() - CORE\src\Routing\Middleware\AssetMiddleware.php, line 88
Cake\Http\Runner::__invoke() - CORE\src\Http\Runner.php, line 65
Cake\Error\Middleware\ErrorHandlerMiddleware::__invoke() - CORE\src\Error\Middleware\ErrorHandlerMiddleware.php, line 96
Cake\Http\Runner::__invoke() - CORE\src\Http\Runner.php, line 65
DebugKit\Middleware\DebugKitMiddleware::__invoke() - ROOT\vendor\cakephp\debug_kit\src\Middleware\DebugKitMiddleware.php, line 53
Cake\Http\Runner::__invoke() - CORE\src\Http\Runner.php, line 65
Cake\Http\Runner::run() - CORE\src\Http\Runner.php, line 51
Cake\Http\Server::run() - CORE\src\Http\Server.php, line 97
[main] - ROOT\webroot\index.php, line 40



2020-10-19 20:25:23 Notice: Notice (8): Trying to get property 'name' of non-object in [C:\Program Files\Ampps\www\cakephp-3-9-2\src\Template\Photos\view.ctp, line 29]
Request URL: /photos/view/1
Referer URL: http://localhost/cakephp-3-9-2/photos
Trace:
Cake\Error\BaseErrorHandler::handleError() - CORE\src\Error\BaseErrorHandler.php, line 168
Cake\Core\BasePlugin::{closure}() - ROOT\vendor\cakephp\debug_kit\config\bootstrap.php, line 43
include - APP/Template\Photos\view.ctp, line 29
Cake\View\View::_evaluate() - CORE\src\View\View.php, line 1435
Cake\View\View::_render() - CORE\src\View\View.php, line 1393
Cake\View\View::render() - CORE\src\View\View.php, line 892
Cake\Controller\Controller::render() - CORE\src\Controller\Controller.php, line 791
Cake\Http\ActionDispatcher::_invoke() - CORE\src\Http\ActionDispatcher.php, line 126
Cake\Http\ActionDispatcher::dispatch() - CORE\src\Http\ActionDispatcher.php, line 94
Cake\Http\BaseApplication::__invoke() - CORE\src\Http\BaseApplication.php, line 256
Cake\Http\Runner::__invoke() - CORE\src\Http\Runner.php, line 65
Cake\Http\Runner::__invoke() - CORE\src\Http\Runner.php, line 65
Cake\Http\Middleware\CsrfProtectionMiddleware::__invoke() - CORE\src\Http\Middleware\CsrfProtectionMiddleware.php, line 124
Cake\Http\Runner::__invoke() - CORE\src\Http\Runner.php, line 65
Cake\Http\Runner::run() - CORE\src\Http\Runner.php, line 51
Cake\Routing\Middleware\RoutingMiddleware::__invoke() - CORE\src\Routing\Middleware\RoutingMiddleware.php, line 170
Cake\Http\Runner::__invoke() - CORE\src\Http\Runner.php, line 65
Cake\Routing\Middleware\AssetMiddleware::__invoke() - CORE\src\Routing\Middleware\AssetMiddleware.php, line 88
Cake\Http\Runner::__invoke() - CORE\src\Http\Runner.php, line 65
Cake\Error\Middleware\ErrorHandlerMiddleware::__invoke() - CORE\src\Error\Middleware\ErrorHandlerMiddleware.php, line 96
Cake\Http\Runner::__invoke() - CORE\src\Http\Runner.php, line 65
DebugKit\Middleware\DebugKitMiddleware::__invoke() - ROOT\vendor\cakephp\debug_kit\src\Middleware\DebugKitMiddleware.php, line 53
Cake\Http\Runner::__invoke() - CORE\src\Http\Runner.php, line 65
Cake\Http\Runner::run() - CORE\src\Http\Runner.php, line 51
Cake\Http\Server::run() - CORE\src\Http\Server.php, line 97
[main] - ROOT\webroot\index.php, line 40



2020-10-19 21:16:33 Notice: Notice (8): Trying to get property 'path' of non-object in [C:\Program Files\Ampps\www\cakephp-3-9-2\src\Template\Produits\index.ctp, line 54]
Request URL: /produits
Trace:
Cake\Error\BaseErrorHandler::handleError() - CORE\src\Error\BaseErrorHandler.php, line 168
Cake\Core\BasePlugin::{closure}() - ROOT\vendor\cakephp\debug_kit\config\bootstrap.php, line 43
include - APP/Template\Produits\index.ctp, line 54
Cake\View\View::_evaluate() - CORE\src\View\View.php, line 1435
Cake\View\View::_render() - CORE\src\View\View.php, line 1393
Cake\View\View::render() - CORE\src\View\View.php, line 892
Cake\Controller\Controller::render() - CORE\src\Controller\Controller.php, line 791
Cake\Http\ActionDispatcher::_invoke() - CORE\src\Http\ActionDispatcher.php, line 126
Cake\Http\ActionDispatcher::dispatch() - CORE\src\Http\ActionDispatcher.php, line 94
Cake\Http\BaseApplication::__invoke() - CORE\src\Http\BaseApplication.php, line 256
Cake\Http\Runner::__invoke() - CORE\src\Http\Runner.php, line 65
Cake\Http\Runner::__invoke() - CORE\src\Http\Runner.php, line 65
Cake\Http\Middleware\CsrfProtectionMiddleware::__invoke() - CORE\src\Http\Middleware\CsrfProtectionMiddleware.php, line 124
Cake\Http\Runner::__invoke() - CORE\src\Http\Runner.php, line 65
Cake\Http\Runner::run() - CORE\src\Http\Runner.php, line 51
Cake\Routing\Middleware\RoutingMiddleware::__invoke() - CORE\src\Routing\Middleware\RoutingMiddleware.php, line 170
Cake\Http\Runner::__invoke() - CORE\src\Http\Runner.php, line 65
Cake\Routing\Middleware\AssetMiddleware::__invoke() - CORE\src\Routing\Middleware\AssetMiddleware.php, line 88
Cake\Http\Runner::__invoke() - CORE\src\Http\Runner.php, line 65
Cake\Error\Middleware\ErrorHandlerMiddleware::__invoke() - CORE\src\Error\Middleware\ErrorHandlerMiddleware.php, line 96
Cake\Http\Runner::__invoke() - CORE\src\Http\Runner.php, line 65
DebugKit\Middleware\DebugKitMiddleware::__invoke() - ROOT\vendor\cakephp\debug_kit\src\Middleware\DebugKitMiddleware.php, line 53
Cake\Http\Runner::__invoke() - CORE\src\Http\Runner.php, line 65
Cake\Http\Runner::run() - CORE\src\Http\Runner.php, line 51
Cake\Http\Server::run() - CORE\src\Http\Server.php, line 97
[main] - ROOT\webroot\index.php, line 40



2020-10-19 21:16:33 Notice: Notice (8): Trying to get property 'name' of non-object in [C:\Program Files\Ampps\www\cakephp-3-9-2\src\Template\Produits\index.ctp, line 54]
Request URL: /produits
Trace:
Cake\Error\BaseErrorHandler::handleError() - CORE\src\Error\BaseErrorHandler.php, line 168
Cake\Core\BasePlugin::{closure}() - ROOT\vendor\cakephp\debug_kit\config\bootstrap.php, line 43
include - APP/Template\Produits\index.ctp, line 54
Cake\View\View::_evaluate() - CORE\src\View\View.php, line 1435
Cake\View\View::_render() - CORE\src\View\View.php, line 1393
Cake\View\View::render() - CORE\src\View\View.php, line 892
Cake\Controller\Controller::render() - CORE\src\Controller\Controller.php, line 791
Cake\Http\ActionDispatcher::_invoke() - CORE\src\Http\ActionDispatcher.php, line 126
Cake\Http\ActionDispatcher::dispatch() - CORE\src\Http\ActionDispatcher.php, line 94
Cake\Http\BaseApplication::__invoke() - CORE\src\Http\BaseApplication.php, line 256
Cake\Http\Runner::__invoke() - CORE\src\Http\Runner.php, line 65
Cake\Http\Runner::__invoke() - CORE\src\Http\Runner.php, line 65
Cake\Http\Middleware\CsrfProtectionMiddleware::__invoke() - CORE\src\Http\Middleware\CsrfProtectionMiddleware.php, line 124
Cake\Http\Runner::__invoke() - CORE\src\Http\Runner.php, line 65
Cake\Http\Runner::run() - CORE\src\Http\Runner.php, line 51
Cake\Routing\Middleware\RoutingMiddleware::__invoke() - CORE\src\Routing\Middleware\RoutingMiddleware.php, line 170
Cake\Http\Runner::__invoke() - CORE\src\Http\Runner.php, line 65
Cake\Routing\Middleware\AssetMiddleware::__invoke() - CORE\src\Routing\Middleware\AssetMiddleware.php, line 88
Cake\Http\Runner::__invoke() - CORE\src\Http\Runner.php, line 65
Cake\Error\Middleware\ErrorHandlerMiddleware::__invoke() - CORE\src\Error\Middleware\ErrorHandlerMiddleware.php, line 96
Cake\Http\Runner::__invoke() - CORE\src\Http\Runner.php, line 65
DebugKit\Middleware\DebugKitMiddleware::__invoke() - ROOT\vendor\cakephp\debug_kit\src\Middleware\DebugKitMiddleware.php, line 53
Cake\Http\Runner::__invoke() - CORE\src\Http\Runner.php, line 65
Cake\Http\Runner::run() - CORE\src\Http\Runner.php, line 51
Cake\Http\Server::run() - CORE\src\Http\Server.php, line 97
[main] - ROOT\webroot\index.php, line 40



2020-10-19 21:17:16 Notice: Notice (8): Trying to get property 'path' of non-object in [C:\Program Files\Ampps\www\cakephp-3-9-2\src\Template\Produits\index.ctp, line 54]
Request URL: /produits
Trace:
Cake\Error\BaseErrorHandler::handleError() - CORE\src\Error\BaseErrorHandler.php, line 168
Cake\Core\BasePlugin::{closure}() - ROOT\vendor\cakephp\debug_kit\config\bootstrap.php, line 43
include - APP/Template\Produits\index.ctp, line 54
Cake\View\View::_evaluate() - CORE\src\View\View.php, line 1435
Cake\View\View::_render() - CORE\src\View\View.php, line 1393
Cake\View\View::render() - CORE\src\View\View.php, line 892
Cake\Controller\Controller::render() - CORE\src\Controller\Controller.php, line 791
Cake\Http\ActionDispatcher::_invoke() - CORE\src\Http\ActionDispatcher.php, line 126
Cake\Http\ActionDispatcher::dispatch() - CORE\src\Http\ActionDispatcher.php, line 94
Cake\Http\BaseApplication::__invoke() - CORE\src\Http\BaseApplication.php, line 256
Cake\Http\Runner::__invoke() - CORE\src\Http\Runner.php, line 65
Cake\Http\Runner::__invoke() - CORE\src\Http\Runner.php, line 65
Cake\Http\Middleware\CsrfProtectionMiddleware::__invoke() - CORE\src\Http\Middleware\CsrfProtectionMiddleware.php, line 124
Cake\Http\Runner::__invoke() - CORE\src\Http\Runner.php, line 65
Cake\Http\Runner::run() - CORE\src\Http\Runner.php, line 51
Cake\Routing\Middleware\RoutingMiddleware::__invoke() - CORE\src\Routing\Middleware\RoutingMiddleware.php, line 170
Cake\Http\Runner::__invoke() - CORE\src\Http\Runner.php, line 65
Cake\Routing\Middleware\AssetMiddleware::__invoke() - CORE\src\Routing\Middleware\AssetMiddleware.php, line 88
Cake\Http\Runner::__invoke() - CORE\src\Http\Runner.php, line 65
Cake\Error\Middleware\ErrorHandlerMiddleware::__invoke() - CORE\src\Error\Middleware\ErrorHandlerMiddleware.php, line 96
Cake\Http\Runner::__invoke() - CORE\src\Http\Runner.php, line 65
DebugKit\Middleware\DebugKitMiddleware::__invoke() - ROOT\vendor\cakephp\debug_kit\src\Middleware\DebugKitMiddleware.php, line 53
Cake\Http\Runner::__invoke() - CORE\src\Http\Runner.php, line 65
Cake\Http\Runner::run() - CORE\src\Http\Runner.php, line 51
Cake\Http\Server::run() - CORE\src\Http\Server.php, line 97
[main] - ROOT\webroot\index.php, line 40



2020-10-19 21:17:16 Notice: Notice (8): Trying to get property 'name' of non-object in [C:\Program Files\Ampps\www\cakephp-3-9-2\src\Template\Produits\index.ctp, line 54]
Request URL: /produits
Trace:
Cake\Error\BaseErrorHandler::handleError() - CORE\src\Error\BaseErrorHandler.php, line 168
Cake\Core\BasePlugin::{closure}() - ROOT\vendor\cakephp\debug_kit\config\bootstrap.php, line 43
include - APP/Template\Produits\index.ctp, line 54
Cake\View\View::_evaluate() - CORE\src\View\View.php, line 1435
Cake\View\View::_render() - CORE\src\View\View.php, line 1393
Cake\View\View::render() - CORE\src\View\View.php, line 892
Cake\Controller\Controller::render() - CORE\src\Controller\Controller.php, line 791
Cake\Http\ActionDispatcher::_invoke() - CORE\src\Http\ActionDispatcher.php, line 126
Cake\Http\ActionDispatcher::dispatch() - CORE\src\Http\ActionDispatcher.php, line 94
Cake\Http\BaseApplication::__invoke() - CORE\src\Http\BaseApplication.php, line 256
Cake\Http\Runner::__invoke() - CORE\src\Http\Runner.php, line 65
Cake\Http\Runner::__invoke() - CORE\src\Http\Runner.php, line 65
Cake\Http\Middleware\CsrfProtectionMiddleware::__invoke() - CORE\src\Http\Middleware\CsrfProtectionMiddleware.php, line 124
Cake\Http\Runner::__invoke() - CORE\src\Http\Runner.php, line 65
Cake\Http\Runner::run() - CORE\src\Http\Runner.php, line 51
Cake\Routing\Middleware\RoutingMiddleware::__invoke() - CORE\src\Routing\Middleware\RoutingMiddleware.php, line 170
Cake\Http\Runner::__invoke() - CORE\src\Http\Runner.php, line 65
Cake\Routing\Middleware\AssetMiddleware::__invoke() - CORE\src\Routing\Middleware\AssetMiddleware.php, line 88
Cake\Http\Runner::__invoke() - CORE\src\Http\Runner.php, line 65
Cake\Error\Middleware\ErrorHandlerMiddleware::__invoke() - CORE\src\Error\Middleware\ErrorHandlerMiddleware.php, line 96
Cake\Http\Runner::__invoke() - CORE\src\Http\Runner.php, line 65
DebugKit\Middleware\DebugKitMiddleware::__invoke() - ROOT\vendor\cakephp\debug_kit\src\Middleware\DebugKitMiddleware.php, line 53
Cake\Http\Runner::__invoke() - CORE\src\Http\Runner.php, line 65
Cake\Http\Runner::run() - CORE\src\Http\Runner.php, line 51
Cake\Http\Server::run() - CORE\src\Http\Server.php, line 97
[main] - ROOT\webroot\index.php, line 40



